This is LuaHBTeX, Version 1.17.0 (TeX Live 2023)  (format=lualatex 2025.11.24)  25 NOV 2025 17:37
 restricted system commands enabled.
**fig-graph.tex
(./fig-graph.tex
LaTeX2e <2022-11-01> patch level 1
Lua module: luaotfload 2022-10-03 3.23 Lua based OpenType font support
Lua module: lualibs 2022-10-04 2.75 ConTeXt Lua standard libraries.
Lua module: lualibs-extended 2022-10-04 2.75 ConTeXt Lua libraries -- extended c
ollection.
luaotfload | conf : Root cache directory is "/home/nicolas/.texlive2023/texmf-va
r/luatex-cache/generic/names".
luaotfload | init : Loading fontloader "fontloader-2022-10-03.lua" from kpse-res
olved path "/usr/share/texlive/texmf-dist/tex/luatex/luaotfload/fontloader-2022-
10-03.lua".
Lua-only attribute luaotfload@noligature = 1
luaotfload | init : Context OpenType loader version 3.120
Inserting `luaotfload.node_processor' in `pre_linebreak_filter'.
Inserting `luaotfload.node_processor' in `hpack_filter'.
Inserting `luaotfload.glyph_stream' in `glyph_stream_provider'.
Inserting `luaotfload.define_font' in `define_font'.
Lua-only attribute luaotfload_color_attribute = 2
luaotfload | conf : Root cache directory is "/home/nicolas/.texlive2023/texmf-va
r/luatex-cache/generic/names".
Inserting `luaotfload.harf.strip_prefix' in `find_opentype_file'.
Inserting `luaotfload.harf.strip_prefix' in `find_truetype_file'.
Removing  `luaotfload.glyph_stream' from `glyph_stream_provider'.
Inserting `luaotfload.harf.glyphstream' in `glyph_stream_provider'.
Inserting `luaotfload.harf.finalize_vlist' in `post_linebreak_filter'.
Inserting `luaotfload.harf.finalize_hlist' in `hpack_filter'.
Inserting `luaotfload.cleanup_files' in `wrapup_run'.
Inserting `luaotfload.harf.finalize_unicode' in `finish_pdffile'.
Inserting `luaotfload.glyphinfo' in `glyph_info'.
Lua-only attribute luaotfload.letterspace_done = 3
Inserting `luaotfload.aux.set_sscale_dimens' in `luaotfload.patch_font'.
Inserting `luaotfload.aux.set_font_index' in `luaotfload.patch_font'.
Inserting `luaotfload.aux.patch_cambria_domh' in `luaotfload.patch_font'.
Inserting `luaotfload.aux.fixup_fontdata' in `luaotfload.patch_font_unsafe'.
Inserting `luaotfload.aux.set_capheight' in `luaotfload.patch_font'.
Inserting `luaotfload.aux.set_xheight' in `luaotfload.patch_font'.
Inserting `luaotfload.rewrite_fontname' in `luaotfload.patch_font'. L3 programm
ing layer <2023-02-22>
Inserting `tracingstacklevels' in `input_level_string'.
(/usr/share/texlive/texmf-dist/tex/latex/standalone/standalone.cls
Document Class: standalone 2022/10/10 v1.3b Class to compile TeX sub-files stan
dalone
(/usr/share/texlive/texmf-dist/tex/latex/tools/shellesc.sty
Package: shellesc 2019/11/08 v1.0c unified shell escape interface for LaTeX
Package shellesc Info: Restricted shell escape enabled on input line 77.
)
(/usr/share/texlive/texmf-dist/tex/generic/iftex/ifluatex.sty
Package: ifluatex 2019/10/25 v1.5 ifluatex legacy package. Use iftex instead.

(/usr/share/texlive/texmf-dist/tex/generic/iftex/iftex.sty
Package: iftex 2022/02/03 v1.0f TeX engine tests
))
(/usr/share/texlive/texmf-dist/tex/latex/xkeyval/xkeyval.sty
Package: xkeyval 2022/06/16 v2.9 package option processing (HA)

(/usr/share/texlive/texmf-dist/tex/generic/xkeyval/xkeyval.tex
(/usr/share/texlive/texmf-dist/tex/generic/xkeyval/xkvutils.tex
\XKV@toks=\toks16
\XKV@tempa@toks=\toks17

(/usr/share/texlive/texmf-dist/tex/generic/xkeyval/keyval.tex))
\XKV@depth=\count183
File: xkeyval.tex 2014/12/03 v2.7a key=value parser (HA)
))
\sa@internal=\count184
\c@sapage=\count185

(/usr/share/texlive/texmf-dist/tex/latex/standalone/standalone.cfg
File: standalone.cfg 2022/10/10 v1.3b Default configuration file for 'standalon
e' class
)
(/usr/share/texlive/texmf-dist/tex/latex/base/article.cls
Document Class: article 2022/07/02 v1.4n Standard LaTeX document class
(/usr/share/texlive/texmf-dist/tex/latex/base/size10.clo
File: size10.clo 2022/07/02 v1.4n Standard LaTeX file (size option)
luaotfload | db : Font names database loaded from /home/nicolas/.texlive2023/tex
mf-var/luatex-cache/generic/names/luaotfload-names.luc.gz)
\c@part=\count186
\c@section=\count187
\c@subsection=\count188
\c@subsubsection=\count189
\c@paragraph=\count190
\c@subparagraph=\count191
\c@figure=\count192
\c@table=\count193
\abovecaptionskip=\skip48
\belowcaptionskip=\skip49
\bibindent=\dimen139
)
(/usr/share/texlive/texmf-dist/tex/generic/luatex85/luatex85.sty
Package: luatex85 2016/06/15 v1.4 pdftex aliases for luatex
)
(/usr/share/texlive/texmf-dist/tex/generic/pdftexcmds/pdftexcmds.sty
Package: pdftexcmds 2020-06-27 v0.33 Utility functions of pdfTeX for LuaTeX (HO
)

(/usr/share/texlive/texmf-dist/tex/generic/infwarerr/infwarerr.sty
Package: infwarerr 2019/12/03 v1.5 Providing info/warning/error messages (HO)
)
(/usr/share/texlive/texmf-dist/tex/generic/ltxcmds/ltxcmds.sty
Package: ltxcmds 2020-05-10 v1.25 LaTeX kernel commands for general use (HO)
)
Package pdftexcmds Info: \pdf@primitive is available.
Package pdftexcmds Info: \pdf@ifprimitive is available.
Package pdftexcmds Info: \pdfdraftmode found.
\pdftexcmds@toks=\toks18
)
\sa@box=\box51
)
(/usr/share/texlive/texmf-dist/tex/latex/pgf/frontendlayer/tikz.sty
(/usr/share/texlive/texmf-dist/tex/latex/pgf/basiclayer/pgf.sty
(/usr/share/texlive/texmf-dist/tex/latex/pgf/utilities/pgfrcs.sty
(/usr/share/texlive/texmf-dist/tex/generic/pgf/utilities/pgfutil-common.tex
\pgfutil@everybye=\toks19
\pgfutil@tempdima=\dimen140
\pgfutil@tempdimb=\dimen141
)
(/usr/share/texlive/texmf-dist/tex/generic/pgf/utilities/pgfutil-latex.def
\pgfutil@abb=\box52
)
(/usr/share/texlive/texmf-dist/tex/generic/pgf/utilities/pgfrcs.code.tex
(/usr/share/texlive/texmf-dist/tex/generic/pgf/pgf.revision.tex)
Package: pgfrcs 2023-01-15 v3.1.10 (3.1.10)
))
Package: pgf 2023-01-15 v3.1.10 (3.1.10)

(/usr/share/texlive/texmf-dist/tex/latex/pgf/basiclayer/pgfcore.sty
(/usr/share/texlive/texmf-dist/tex/latex/graphics/graphicx.sty
Package: graphicx 2021/09/16 v1.2d Enhanced LaTeX Graphics (DPC,SPQR)

(/usr/share/texlive/texmf-dist/tex/latex/graphics/graphics.sty
Package: graphics 2022/03/10 v1.4e Standard LaTeX Graphics (DPC,SPQR)

(/usr/share/texlive/texmf-dist/tex/latex/graphics/trig.sty
Package: trig 2021/08/11 v1.11 sin cos tan (DPC)
)
(/usr/share/texlive/texmf-dist/tex/latex/graphics-cfg/graphics.cfg
File: graphics.cfg 2016/06/04 v1.11 sample graphics configuration
)
Package graphics Info: Driver file: luatex.def on input line 107.

(/usr/share/texlive/texmf-dist/tex/latex/graphics-def/luatex.def
File: luatex.def 2022/09/22 v1.2d Graphics/color driver for luatex
))
\Gin@req@height=\dimen142
\Gin@req@width=\dimen143
)
(/usr/share/texlive/texmf-dist/tex/latex/pgf/systemlayer/pgfsys.sty
(/usr/share/texlive/texmf-dist/tex/generic/pgf/systemlayer/pgfsys.code.tex
Package: pgfsys 2023-01-15 v3.1.10 (3.1.10)

(/usr/share/texlive/texmf-dist/tex/generic/pgf/utilities/pgfkeys.code.tex
\pgfkeys@pathtoks=\toks20
\pgfkeys@temptoks=\toks21

(/usr/share/texlive/texmf-dist/tex/generic/pgf/utilities/pgfkeyslibraryfiltered
.code.tex
\pgfkeys@tmptoks=\toks22
))
\pgf@x=\dimen144
\pgf@y=\dimen145
\pgf@xa=\dimen146
\pgf@ya=\dimen147
\pgf@xb=\dimen148
\pgf@yb=\dimen149
\pgf@xc=\dimen150
\pgf@yc=\dimen151
\pgf@xd=\dimen152
\pgf@yd=\dimen153
\w@pgf@writea=\write3
\r@pgf@reada=\read2
\c@pgf@counta=\count194
\c@pgf@countb=\count195
\c@pgf@countc=\count196
\c@pgf@countd=\count197
\t@pgf@toka=\toks23
\t@pgf@tokb=\toks24
\t@pgf@tokc=\toks25
\pgf@sys@id@count=\count198
 (/usr/share/texlive/texmf-dist/tex/generic/pgf/systemlayer/pgf.cfg
File: pgf.cfg 2023-01-15 v3.1.10 (3.1.10)
)
Driver file for pgf: pgfsys-luatex.def
(/usr/share/texlive/texmf-dist/tex/generic/pgf/systemlayer/pgfsys-luatex.def
File: pgfsys-luatex.def 2023-01-15 v3.1.10 (3.1.10)

(/usr/share/texlive/texmf-dist/tex/generic/pgf/systemlayer/pgfsys-common-pdf.de
f
File: pgfsys-common-pdf.def 2023-01-15 v3.1.10 (3.1.10)
)))
(/usr/share/texlive/texmf-dist/tex/generic/pgf/systemlayer/pgfsyssoftpath.code.
tex
File: pgfsyssoftpath.code.tex 2023-01-15 v3.1.10 (3.1.10)
\pgfsyssoftpath@smallbuffer@items=\count199
\pgfsyssoftpath@bigbuffer@items=\count266
)
(/usr/share/texlive/texmf-dist/tex/generic/pgf/systemlayer/pgfsysprotocol.code.
tex
File: pgfsysprotocol.code.tex 2023-01-15 v3.1.10 (3.1.10)
)) (/usr/share/texlive/texmf-dist/tex/latex/xcolor/xcolor.sty
Package: xcolor 2022/06/12 v2.14 LaTeX color extensions (UK)

(/usr/share/texlive/texmf-dist/tex/latex/graphics-cfg/color.cfg
File: color.cfg 2016/01/02 v1.6 sample color configuration
)
Package xcolor Info: Driver file: luatex.def on input line 227.

(/usr/share/texlive/texmf-dist/tex/latex/graphics/mathcolor.ltx)
Package xcolor Info: Model `cmy' substituted by `cmy0' on input line 1353.
Package xcolor Info: Model `hsb' substituted by `rgb' on input line 1357.
Package xcolor Info: Model `RGB' extended on input line 1369.
Package xcolor Info: Model `HTML' substituted by `rgb' on input line 1371.
Package xcolor Info: Model `Hsb' substituted by `hsb' on input line 1372.
Package xcolor Info: Model `tHsb' substituted by `hsb' on input line 1373.
Package xcolor Info: Model `HSB' substituted by `hsb' on input line 1374.
Package xcolor Info: Model `Gray' substituted by `gray' on input line 1375.
Package xcolor Info: Model `wave' substituted by `hsb' on input line 1376.
)
(/usr/share/texlive/texmf-dist/tex/generic/pgf/basiclayer/pgfcore.code.tex
Package: pgfcore 2023-01-15 v3.1.10 (3.1.10)

(/usr/share/texlive/texmf-dist/tex/generic/pgf/math/pgfmath.code.tex
(/usr/share/texlive/texmf-dist/tex/generic/pgf/math/pgfmathutil.code.tex)
(/usr/share/texlive/texmf-dist/tex/generic/pgf/math/pgfmathparser.code.tex
\pgfmath@dimen=\dimen154
\pgfmath@count=\count267
\pgfmath@box=\box53
\pgfmath@toks=\toks26
\pgfmath@stack@operand=\toks27
\pgfmath@stack@operation=\toks28
)
(/usr/share/texlive/texmf-dist/tex/generic/pgf/math/pgfmathfunctions.code.tex)
(/usr/share/texlive/texmf-dist/tex/generic/pgf/math/pgfmathfunctions.basic.code
.tex)
(/usr/share/texlive/texmf-dist/tex/generic/pgf/math/pgfmathfunctions.trigonomet
ric.code.tex)
(/usr/share/texlive/texmf-dist/tex/generic/pgf/math/pgfmathfunctions.random.cod
e.tex)
(/usr/share/texlive/texmf-dist/tex/generic/pgf/math/pgfmathfunctions.comparison
.code.tex)
(/usr/share/texlive/texmf-dist/tex/generic/pgf/math/pgfmathfunctions.base.code.
tex)
(/usr/share/texlive/texmf-dist/tex/generic/pgf/math/pgfmathfunctions.round.code
.tex)
(/usr/share/texlive/texmf-dist/tex/generic/pgf/math/pgfmathfunctions.misc.code.
tex)
(/usr/share/texlive/texmf-dist/tex/generic/pgf/math/pgfmathfunctions.integerari
thmetics.code.tex)
(/usr/share/texlive/texmf-dist/tex/generic/pgf/math/pgfmathcalc.code.tex)
(/usr/share/texlive/texmf-dist/tex/generic/pgf/math/pgfmathfloat.code.tex
\c@pgfmathroundto@lastzeros=\count268
))
(/usr/share/texlive/texmf-dist/tex/generic/pgf/math/pgfint.code.tex)
(/usr/share/texlive/texmf-dist/tex/generic/pgf/basiclayer/pgfcorepoints.code.te
x
File: pgfcorepoints.code.tex 2023-01-15 v3.1.10 (3.1.10)
\pgf@picminx=\dimen155
\pgf@picmaxx=\dimen156
\pgf@picminy=\dimen157
\pgf@picmaxy=\dimen158
\pgf@pathminx=\dimen159
\pgf@pathmaxx=\dimen160
\pgf@pathminy=\dimen161
\pgf@pathmaxy=\dimen162
\pgf@xx=\dimen163
\pgf@xy=\dimen164
\pgf@yx=\dimen165
\pgf@yy=\dimen166
\pgf@zx=\dimen167
\pgf@zy=\dimen168
)
(/usr/share/texlive/texmf-dist/tex/generic/pgf/basiclayer/pgfcorepathconstruct.
code.tex
File: pgfcorepathconstruct.code.tex 2023-01-15 v3.1.10 (3.1.10)
\pgf@path@lastx=\dimen169
\pgf@path@lasty=\dimen170
)
(/usr/share/texlive/texmf-dist/tex/generic/pgf/basiclayer/pgfcorepathusage.code
.tex
File: pgfcorepathusage.code.tex 2023-01-15 v3.1.10 (3.1.10)
\pgf@shorten@end@additional=\dimen171
\pgf@shorten@start@additional=\dimen172
)
(/usr/share/texlive/texmf-dist/tex/generic/pgf/basiclayer/pgfcorescopes.code.te
x
File: pgfcorescopes.code.tex 2023-01-15 v3.1.10 (3.1.10)
\pgfpic=\box54
\pgf@hbox=\box55
\pgf@layerbox@main=\box56
\pgf@picture@serial@count=\count269
)
(/usr/share/texlive/texmf-dist/tex/generic/pgf/basiclayer/pgfcoregraphicstate.c
ode.tex
File: pgfcoregraphicstate.code.tex 2023-01-15 v3.1.10 (3.1.10)
\pgflinewidth=\dimen173
)
(/usr/share/texlive/texmf-dist/tex/generic/pgf/basiclayer/pgfcoretransformation
s.code.tex
File: pgfcoretransformations.code.tex 2023-01-15 v3.1.10 (3.1.10)
\pgf@pt@x=\dimen174
\pgf@pt@y=\dimen175
\pgf@pt@temp=\dimen176
)
(/usr/share/texlive/texmf-dist/tex/generic/pgf/basiclayer/pgfcorequick.code.tex
File: pgfcorequick.code.tex 2023-01-15 v3.1.10 (3.1.10)
)
(/usr/share/texlive/texmf-dist/tex/generic/pgf/basiclayer/pgfcoreobjects.code.t
ex
File: pgfcoreobjects.code.tex 2023-01-15 v3.1.10 (3.1.10)
)
(/usr/share/texlive/texmf-dist/tex/generic/pgf/basiclayer/pgfcorepathprocessing
.code.tex
File: pgfcorepathprocessing.code.tex 2023-01-15 v3.1.10 (3.1.10)
)
(/usr/share/texlive/texmf-dist/tex/generic/pgf/basiclayer/pgfcorearrows.code.te
x
File: pgfcorearrows.code.tex 2023-01-15 v3.1.10 (3.1.10)
\pgfarrowsep=\dimen177
)
(/usr/share/texlive/texmf-dist/tex/generic/pgf/basiclayer/pgfcoreshade.code.tex
File: pgfcoreshade.code.tex 2023-01-15 v3.1.10 (3.1.10)
\pgf@max=\dimen178
\pgf@sys@shading@range@num=\count270
\pgf@shadingcount=\count271
)
(/usr/share/texlive/texmf-dist/tex/generic/pgf/basiclayer/pgfcoreimage.code.tex
File: pgfcoreimage.code.tex 2023-01-15 v3.1.10 (3.1.10)
)
(/usr/share/texlive/texmf-dist/tex/generic/pgf/basiclayer/pgfcoreexternal.code.
tex
File: pgfcoreexternal.code.tex 2023-01-15 v3.1.10 (3.1.10)
\pgfexternal@startupbox=\box57
)
(/usr/share/texlive/texmf-dist/tex/generic/pgf/basiclayer/pgfcorelayers.code.te
x
File: pgfcorelayers.code.tex 2023-01-15 v3.1.10 (3.1.10)
)
(/usr/share/texlive/texmf-dist/tex/generic/pgf/basiclayer/pgfcoretransparency.c
ode.tex
File: pgfcoretransparency.code.tex 2023-01-15 v3.1.10 (3.1.10)
)
(/usr/share/texlive/texmf-dist/tex/generic/pgf/basiclayer/pgfcorepatterns.code.
tex
File: pgfcorepatterns.code.tex 2023-01-15 v3.1.10 (3.1.10)
)
(/usr/share/texlive/texmf-dist/tex/generic/pgf/basiclayer/pgfcorerdf.code.tex
File: pgfcorerdf.code.tex 2023-01-15 v3.1.10 (3.1.10)
)))
(/usr/share/texlive/texmf-dist/tex/generic/pgf/modules/pgfmoduleshapes.code.tex
File: pgfmoduleshapes.code.tex 2023-01-15 v3.1.10 (3.1.10)
\pgfnodeparttextbox=\box58
) (/usr/share/texlive/texmf-dist/tex/generic/pgf/modules/pgfmoduleplot.code.tex
File: pgfmoduleplot.code.tex 2023-01-15 v3.1.10 (3.1.10)
)
(/usr/share/texlive/texmf-dist/tex/latex/pgf/compatibility/pgfcomp-version-0-65
.sty
Package: pgfcomp-version-0-65 2023-01-15 v3.1.10 (3.1.10)
\pgf@nodesepstart=\dimen179
\pgf@nodesepend=\dimen180
)
(/usr/share/texlive/texmf-dist/tex/latex/pgf/compatibility/pgfcomp-version-1-18
.sty
Package: pgfcomp-version-1-18 2023-01-15 v3.1.10 (3.1.10)
)) (/usr/share/texlive/texmf-dist/tex/latex/pgf/utilities/pgffor.sty
(/usr/share/texlive/texmf-dist/tex/latex/pgf/utilities/pgfkeys.sty
(/usr/share/texlive/texmf-dist/tex/generic/pgf/utilities/pgfkeys.code.tex))
(/usr/share/texlive/texmf-dist/tex/latex/pgf/math/pgfmath.sty
(/usr/share/texlive/texmf-dist/tex/generic/pgf/math/pgfmath.code.tex))
(/usr/share/texlive/texmf-dist/tex/generic/pgf/utilities/pgffor.code.tex
Package: pgffor 2023-01-15 v3.1.10 (3.1.10)
\pgffor@iter=\dimen181
\pgffor@skip=\dimen182
\pgffor@stack=\toks29
\pgffor@toks=\toks30
))
(/usr/share/texlive/texmf-dist/tex/generic/pgf/frontendlayer/tikz/tikz.code.tex
Package: tikz 2023-01-15 v3.1.10 (3.1.10)

(/usr/share/texlive/texmf-dist/tex/generic/pgf/libraries/pgflibraryplothandlers
.code.tex
File: pgflibraryplothandlers.code.tex 2023-01-15 v3.1.10 (3.1.10)
\pgf@plot@mark@count=\count272
\pgfplotmarksize=\dimen183
)
\tikz@lastx=\dimen184
\tikz@lasty=\dimen185
\tikz@lastxsaved=\dimen186
\tikz@lastysaved=\dimen187
\tikz@lastmovetox=\dimen188
\tikz@lastmovetoy=\dimen189
\tikzleveldistance=\dimen190
\tikzsiblingdistance=\dimen191
\tikz@figbox=\box59
\tikz@figbox@bg=\box60
\tikz@tempbox=\box61
\tikz@tempbox@bg=\box62
\tikztreelevel=\count273
\tikznumberofchildren=\count274
\tikznumberofcurrentchild=\count275
\tikz@fig@count=\count276

(/usr/share/texlive/texmf-dist/tex/generic/pgf/modules/pgfmodulematrix.code.tex
File: pgfmodulematrix.code.tex 2023-01-15 v3.1.10 (3.1.10)
\pgfmatrixcurrentrow=\count277
\pgfmatrixcurrentcolumn=\count278
\pgf@matrix@numberofcolumns=\count279
)
\tikz@expandcount=\count280

(/usr/share/texlive/texmf-dist/tex/generic/pgf/frontendlayer/tikz/libraries/tik
zlibrarytopaths.code.tex
File: tikzlibrarytopaths.code.tex 2023-01-15 v3.1.10 (3.1.10)
)))
(/usr/share/texlive/texmf-dist/tex/latex/emoji/emoji.sty
Package: emoji 2021/07/17 v0.2.2 Emoji support in (Lua)LaTeX

(/usr/share/texlive/texmf-dist/tex/latex/fontspec/fontspec.sty
(/usr/share/texlive/texmf-dist/tex/latex/l3packages/xparse/xparse.sty
(/usr/share/texlive/texmf-dist/tex/latex/l3kernel/expl3.sty
Package: expl3 2023-02-22 L3 programming layer (loader) 

(/usr/share/texlive/texmf-dist/tex/latex/l3backend/l3backend-luatex.def
File: l3backend-luatex.def 2023-01-16 L3 backend support: PDF output (LuaTeX)
\l__color_backend_stack_int=\count281
\l__pdf_internal_box=\box63
))
Package: xparse 2023-02-02 L3 Experimental document command parser
)
Package: fontspec 2022/01/15 v2.8a Font selection for XeLaTeX and LuaLaTeX
Lua module: fontspec 2022/01/15 2.8a Font selection for XeLaTeX and LuaLaTeX
(/usr/share/texlive/texmf-dist/tex/latex/fontspec/fontspec-luatex.sty
Package: fontspec-luatex 2022/01/15 v2.8a Font selection for XeLaTeX and LuaLaT
eX
\l__fontspec_script_int=\count282
\l__fontspec_language_int=\count283
\l__fontspec_strnum_int=\count284
\l__fontspec_tmp_int=\count285
\l__fontspec_tmpa_int=\count286
\l__fontspec_tmpb_int=\count287
\l__fontspec_tmpc_int=\count288
\l__fontspec_em_int=\count289
\l__fontspec_emdef_int=\count290
\l__fontspec_strong_int=\count291
\l__fontspec_strongdef_int=\count292
\l__fontspec_tmpa_dim=\dimen192
\l__fontspec_tmpb_dim=\dimen193
\l__fontspec_tmpc_dim=\dimen194

(/usr/share/texlive/texmf-dist/tex/latex/base/fontenc.sty
Package: fontenc 2021/04/29 v2.0v Standard LaTeX package
)
(/usr/share/texlive/texmf-dist/tex/latex/fontspec/fontspec.cfg)))
(/usr/share/texlive/texmf-dist/tex/latex/emoji/emoji-table.def
File: emoji-table.def 2021/07/17 v0.2.2 Emojisupportin(Lua)LaTeX
))
(/usr/share/texlive/texmf-dist/tex/latex/newunicodechar/newunicodechar.sty
Package: newunicodechar 2018/04/08 v1.2 Defining Unicode characters
)
(/usr/share/texlive/texmf-dist/tex/generic/pgf/frontendlayer/tikz/libraries/gra
phs/tikzlibrarygraphs.code.tex
File: tikzlibrarygraphs.code.tex 2023-01-15 v3.1.10 (3.1.10)
\tikz@lib@auto@number=\count293
\tikz@qnode@count=\count294
)
(/usr/share/texlive/texmf-dist/tex/generic/pgf/graphdrawing/tex/tikzlibrarygrap
hdrawing.code.tex
File: tikzlibrarygraphdrawing.code.tex 2023-01-15 v3.1.10 (3.1.10)

(/usr/share/texlive/texmf-dist/tex/generic/pgf/graphdrawing/tex/pgflibrarygraph
drawing.code.tex
File: pgflibrarygraphdrawing.code.tex 2023-01-15 v3.1.10 (3.1.10)
\pgf@gd@parameter@stack@height=\count295
\pgf@gd@node@box=\box64
\pgf@gd@edge@box=\box65
\pgf@gd@prekind@box=\box66
\pgf@gd@postkind@box=\box67
)) (./fig-graph.aux)
\openout1 = fig-graph.aux

LaTeX Font Info:    Checking defaults for OML/cmm/m/it on input line 12.
LaTeX Font Info:    ... okay on input line 12.
LaTeX Font Info:    Checking defaults for OMS/cmsy/m/n on input line 12.
LaTeX Font Info:    ... okay on input line 12.
LaTeX Font Info:    Checking defaults for OT1/cmr/m/n on input line 12.
LaTeX Font Info:    ... okay on input line 12.
LaTeX Font Info:    Checking defaults for T1/cmr/m/n on input line 12.
LaTeX Font Info:    ... okay on input line 12.
LaTeX Font Info:    Checking defaults for TS1/cmr/m/n on input line 12.
LaTeX Font Info:    Trying to load font information for TS1+cmr on input line 1
2.

(/usr/share/texlive/texmf-dist/tex/latex/base/ts1cmr.fd
File: ts1cmr.fd 2022/07/10 v2.5l Standard LaTeX font definitions
)
LaTeX Font Info:    ... okay on input line 12.
LaTeX Font Info:    Checking defaults for TU/lmr/m/n on input line 12.
LaTeX Font Info:    ... okay on input line 12.
LaTeX Font Info:    Checking defaults for OMX/cmex/m/n on input line 12.
LaTeX Font Info:    ... okay on input line 12.
LaTeX Font Info:    Checking defaults for U/cmr/m/n on input line 12.
LaTeX Font Info:    ... okay on input line 12.

(/usr/share/texlive/texmf-dist/tex/context/base/mkii/supp-pdf.mkii
[Loading MPS to PDF converter (version 2006.09.02).]
\scratchcounter=\count296
\scratchdimen=\dimen195
\scratchbox=\box68
\nofMPsegments=\count297
\nofMParguments=\count298
\everyMPshowfont=\toks31
\MPscratchCnt=\count299
\MPscratchDim=\dimen196
\MPnumerator=\count300
\makeMPintoPDFobject=\count301
\everyMPtoPDFconversion=\toks32
) (/usr/share/texlive/texmf-dist/tex/latex/epstopdf-pkg/epstopdf-base.sty
Package: epstopdf-base 2020-01-24 v2.11 Base part for package epstopdf
Package epstopdf-base Info: Redefining graphics rule for `.eps' on input line 4
85.

(/usr/share/texlive/texmf-dist/tex/latex/latexconfig/epstopdf-sys.cfg
File: epstopdf-sys.cfg 2010/07/13 v1.3 Configuration of (r)epstopdf for TeX Liv
e
))

Package fontspec Info: Adjusting the maths setup (use [no-math] to avoid
(fontspec)             this).

\symlegacymaths=\mathgroup4
LaTeX Font Info:    Overwriting symbol font `legacymaths' in version `bold'
(Font)                  OT1/cmr/m/n --> OT1/cmr/bx/n on input line 12.
LaTeX Font Info:    Redeclaring math accent \acute on input line 12.
LaTeX Font Info:    Redeclaring math accent \grave on input line 12.
LaTeX Font Info:    Redeclaring math accent \ddot on input line 12.
LaTeX Font Info:    Redeclaring math accent \tilde on input line 12.
LaTeX Font Info:    Redeclaring math accent \bar on input line 12.
LaTeX Font Info:    Redeclaring math accent \breve on input line 12.
LaTeX Font Info:    Redeclaring math accent \check on input line 12.
LaTeX Font Info:    Redeclaring math accent \hat on input line 12.
LaTeX Font Info:    Redeclaring math accent \dot on input line 12.
LaTeX Font Info:    Redeclaring math accent \mathring on input line 12.
LaTeX Font Info:    Redeclaring math symbol \colon on input line 12.
LaTeX Font Info:    Redeclaring math symbol \Gamma on input line 12.
LaTeX Font Info:    Redeclaring math symbol \Delta on input line 12.
LaTeX Font Info:    Redeclaring math symbol \Theta on input line 12.
LaTeX Font Info:    Redeclaring math symbol \Lambda on input line 12.
LaTeX Font Info:    Redeclaring math symbol \Xi on input line 12.
LaTeX Font Info:    Redeclaring math symbol \Pi on input line 12.
LaTeX Font Info:    Redeclaring math symbol \Sigma on input line 12.
LaTeX Font Info:    Redeclaring math symbol \Upsilon on input line 12.
LaTeX Font Info:    Redeclaring math symbol \Phi on input line 12.
LaTeX Font Info:    Redeclaring math symbol \Psi on input line 12.
LaTeX Font Info:    Redeclaring math symbol \Omega on input line 12.
LaTeX Font Info:    Redeclaring math symbol \mathdollar on input line 12.
LaTeX Font Info:    Redeclaring symbol font `operators' on input line 12.
LaTeX Font Info:    Encoding `OT1' has changed to `TU' for symbol font
(Font)              `operators' in the math version `normal' on input line 12.
LaTeX Font Info:    Overwriting symbol font `operators' in version `normal'
(Font)                  OT1/cmr/m/n --> TU/lmr/m/n on input line 12.
LaTeX Font Info:    Encoding `OT1' has changed to `TU' for symbol font
(Font)              `operators' in the math version `bold' on input line 12.
LaTeX Font Info:    Overwriting symbol font `operators' in version `bold'
(Font)                  OT1/cmr/bx/n --> TU/lmr/m/n on input line 12.
LaTeX Font Info:    Overwriting symbol font `operators' in version `normal'
(Font)                  TU/lmr/m/n --> TU/lmr/m/n on input line 12.
LaTeX Font Info:    Overwriting math alphabet `\mathit' in version `normal'
(Font)                  OT1/cmr/m/it --> TU/lmr/m/it on input line 12.
LaTeX Font Info:    Overwriting math alphabet `\mathbf' in version `normal'
(Font)                  OT1/cmr/bx/n --> TU/lmr/b/n on input line 12.
LaTeX Font Info:    Overwriting math alphabet `\mathsf' in version `normal'
(Font)                  OT1/cmss/m/n --> TU/lmss/m/n on input line 12.
LaTeX Font Info:    Overwriting math alphabet `\mathtt' in version `normal'
(Font)                  OT1/cmtt/m/n --> TU/lmtt/m/n on input line 12.
LaTeX Font Info:    Overwriting symbol font `operators' in version `bold'
(Font)                  TU/lmr/m/n --> TU/lmr/b/n on input line 12.
LaTeX Font Info:    Overwriting math alphabet `\mathit' in version `bold'
(Font)                  OT1/cmr/bx/it --> TU/lmr/b/it on input line 12.
LaTeX Font Info:    Overwriting math alphabet `\mathsf' in version `bold'
(Font)                  OT1/cmss/bx/n --> TU/lmss/b/n on input line 12.
LaTeX Font Info:    Overwriting math alphabet `\mathtt' in version `bold'
(Font)                  OT1/cmtt/m/n --> TU/lmtt/b/n on input line 12.
luaotfload | cache : Lookup cache loaded from /home/nicolas/.texlive2023/texmf-v
ar/luatex-cache/generic/names/luaotfload-lookup-cache.luc.

Package fontspec Info: Font family 'NotoColorEmoji(0)' created for font 'Noto
(fontspec)             Color Emoji' with options
(fontspec)             [BoldFont={},ItalicFont={},SmallCapsFont={},Renderer=Har
fBuzz].
(fontspec)              
(fontspec)              This font family consists of the following NFSS
(fontspec)             series/shapes:
(fontspec)              
(fontspec)             - 'normal' (m/n) with NFSS spec.:
(fontspec)             <->"NotoColorEmoji:mode=harf;script=DFLT;language=dflt;"

(fontspec)             - 'small caps'  (m/sc) with NFSS spec.: 

LaTeX Font Info:    External font `cmex10' loaded for size
(Font)              <5> on input line 41.
LaTeX Font Info:    External font `cmex10' loaded for size
(Font)              <7> on input line 41.

[1

{/var/lib/texmf/fonts/map/pdftex/updmap/pdftex.map
warning  (file /var/lib/texmf/fonts/map/pdftex/updmap/pdftex.map) (map file): en
try for 'phvb8y' already exists, duplicates ignored

warning  (file /var/lib/texmf/fonts/map/pdftex/updmap/pdftex.map) (map file): en
try for 'phvb8yn' already exists, duplicates ignored

warning  (file /var/lib/texmf/fonts/map/pdftex/updmap/pdftex.map) (map file): en
try for 'phvbo8y' already exists, duplicates ignored

warning  (file /var/lib/texmf/fonts/map/pdftex/updmap/pdftex.map) (map file): en
try for 'phvbo8yn' already exists, duplicates ignored

warning  (file /var/lib/texmf/fonts/map/pdftex/updmap/pdftex.map) (map file): en
try for 'phvr8y' already exists, duplicates ignored

warning  (file /var/lib/texmf/fonts/map/pdftex/updmap/pdftex.map) (map file): en
try for 'phvr8yn' already exists, duplicates ignored

warning  (file /var/lib/texmf/fonts/map/pdftex/updmap/pdftex.map) (map file): en
try for 'phvro8y' already exists, duplicates ignored

warning  (file /var/lib/texmf/fonts/map/pdftex/updmap/pdftex.map) (map file): en
try for 'phvro8yn' already exists, duplicates ignored

warning  (file /var/lib/texmf/fonts/map/pdftex/updmap/pdftex.map) (map file): en
try for 'cob' already exists, duplicates ignored

warning  (file /var/lib/texmf/fonts/map/pdftex/updmap/pdftex.map) (map file): en
try for 'cobo' already exists, duplicates ignored

warning  (file /var/lib/texmf/fonts/map/pdftex/updmap/pdftex.map) (map file): en
try for 'com' already exists, duplicates ignored

warning  (file /var/lib/texmf/fonts/map/pdftex/updmap/pdftex.map) (map file): en
try for 'coo' already exists, duplicates ignored

warning  (file /var/lib/texmf/fonts/map/pdftex/updmap/pdftex.map) (map file): en
try for 'hv' already exists, duplicates ignored

warning  (file /var/lib/texmf/fonts/map/pdftex/updmap/pdftex.map) (map file): en
try for 'hvb' already exists, duplicates ignored

warning  (file /var/lib/texmf/fonts/map/pdftex/updmap/pdftex.map) (map file): en
try for 'hvbo' already exists, duplicates ignored

warning  (file /var/lib/texmf/fonts/map/pdftex/updmap/pdftex.map) (map file): en
try for 'hvo' already exists, duplicates ignored

warning  (file /var/lib/texmf/fonts/map/pdftex/updmap/pdftex.map) (map file): en
try for 'pagd8g' already exists, duplicates ignored

warning  (file /var/lib/texmf/fonts/map/pdftex/updmap/pdftex.map) (map file): en
try for 'pagd8r' already exists, duplicates ignored

warning  (file /var/lib/texmf/fonts/map/pdftex/updmap/pdftex.map) (map file): en
try for 'pagd8y' already exists, duplicates ignored

warning  (file /var/lib/texmf/fonts/map/pdftex/updmap/pdftex.map) (map file): en
try for 'pagd8z' already exists, duplicates ignored

warning  (file /var/lib/texmf/fonts/map/pdftex/updmap/pdftex.map) (map file): en
try for 'pagdo8g' already exists, duplicates ignored

warning  (file /var/lib/texmf/fonts/map/pdftex/updmap/pdftex.map) (map file): en
try for 'pagdo8r' already exists, duplicates ignored

warning  (file /var/lib/texmf/fonts/map/pdftex/updmap/pdftex.map) (map file): en
try for 'pagdo8y' already exists, duplicates ignored

warning  (file /var/lib/texmf/fonts/map/pdftex/updmap/pdftex.map) (map file): en
try for 'pagdo8z' already exists, duplicates ignored

warning  (file /var/lib/texmf/fonts/map/pdftex/updmap/pdftex.map) (map file): en
try for 'pagk8g' already exists, duplicates ignored

warning  (file /var/lib/texmf/fonts/map/pdftex/updmap/pdftex.map) (map file): en
try for 'pagk8r' already exists, duplicates ignored

warning  (file /var/lib/texmf/fonts/map/pdftex/updmap/pdftex.map) (map file): en
try for 'pagk8y' already exists, duplicates ignored

warning  (file /var/lib/texmf/fonts/map/pdftex/updmap/pdftex.map) (map file): en
try for 'pagk8z' already exists, duplicates ignored

warning  (file /var/lib/texmf/fonts/map/pdftex/updmap/pdftex.map) (map file): en
try for 'pagko8g' already exists, duplicates ignored

warning  (file /var/lib/texmf/fonts/map/pdftex/updmap/pdftex.map) (map file): en
try for 'pagko8r' already exists, duplicates ignored

warning  (file /var/lib/texmf/fonts/map/pdftex/updmap/pdftex.map) (map file): en
try for 'pagko8y' already exists, duplicates ignored

warning  (file /var/lib/texmf/fonts/map/pdftex/updmap/pdftex.map) (map file): en
try for 'pagko8z' already exists, duplicates ignored

warning  (file /var/lib/texmf/fonts/map/pdftex/updmap/pdftex.map) (map file): en
try for 'pbkd8g' already exists, duplicates ignored

warning  (file /var/lib/texmf/fonts/map/pdftex/updmap/pdftex.map) (map file): en
try for 'pbkd8r' already exists, duplicates ignored

warning  (file /var/lib/texmf/fonts/map/pdftex/updmap/pdftex.map) (map file): en
try for 'pbkd8y' already exists, duplicates ignored

warning  (file /var/lib/texmf/fonts/map/pdftex/updmap/pdftex.map) (map file): en
try for 'pbkd8z' already exists, duplicates ignored

warning  (file /var/lib/texmf/fonts/map/pdftex/updmap/pdftex.map) (map file): en
try for 'pbkdi8g' already exists, duplicates ignored

warning  (file /var/lib/texmf/fonts/map/pdftex/updmap/pdftex.map) (map file): en
try for 'pbkdi8r' already exists, duplicates ignored

warning  (file /var/lib/texmf/fonts/map/pdftex/updmap/pdftex.map) (map file): en
try for 'pbkdi8y' already exists, duplicates ignored

warning  (file /var/lib/texmf/fonts/map/pdftex/updmap/pdftex.map) (map file): en
try for 'pbkdi8z' already exists, duplicates ignored

warning  (file /var/lib/texmf/fonts/map/pdftex/updmap/pdftex.map) (map file): en
try for 'pbkdo8r' already exists, duplicates ignored

warning  (file /var/lib/texmf/fonts/map/pdftex/updmap/pdftex.map) (map file): en
try for 'pbkdo8y' already exists, duplicates ignored

warning  (file /var/lib/texmf/fonts/map/pdftex/updmap/pdftex.map) (map file): en
try for 'pbkl8g' already exists, duplicates ignored

warning  (file /var/lib/texmf/fonts/map/pdftex/updmap/pdftex.map) (map file): en
try for 'pbkl8r' already exists, duplicates ignored

warning  (file /var/lib/texmf/fonts/map/pdftex/updmap/pdftex.map) (map file): en
try for 'pbkl8y' already exists, duplicates ignored

warning  (file /var/lib/texmf/fonts/map/pdftex/updmap/pdftex.map) (map file): en
try for 'pbkl8z' already exists, duplicates ignored

warning  (file /var/lib/texmf/fonts/map/pdftex/updmap/pdftex.map) (map file): en
try for 'pbkli8g' already exists, duplicates ignored

warning  (file /var/lib/texmf/fonts/map/pdftex/updmap/pdftex.map) (map file): en
try for 'pbkli8r' already exists, duplicates ignored

warning  (file /var/lib/texmf/fonts/map/pdftex/updmap/pdftex.map) (map file): en
try for 'pbkli8y' already exists, duplicates ignored

warning  (file /var/lib/texmf/fonts/map/pdftex/updmap/pdftex.map) (map file): en
try for 'pbkli8z' already exists, duplicates ignored

warning  (file /var/lib/texmf/fonts/map/pdftex/updmap/pdftex.map) (map file): en
try for 'pbklo8r' already exists, duplicates ignored

warning  (file /var/lib/texmf/fonts/map/pdftex/updmap/pdftex.map) (map file): en
try for 'pbklo8y' already exists, duplicates ignored

warning  (file /var/lib/texmf/fonts/map/pdftex/updmap/pdftex.map) (map file): en
try for 'pcrb8g' already exists, duplicates ignored

warning  (file /var/lib/texmf/fonts/map/pdftex/updmap/pdftex.map) (map file): en
try for 'pcrb8r' already exists, duplicates ignored

warning  (file /var/lib/texmf/fonts/map/pdftex/updmap/pdftex.map) (map file): en
try for 'pcrb8u' already exists, duplicates ignored

warning  (file /var/lib/texmf/fonts/map/pdftex/updmap/pdftex.map) (map file): en
try for 'pcrb8y' already exists, duplicates ignored

warning  (file /var/lib/texmf/fonts/map/pdftex/updmap/pdftex.map) (map file): en
try for 'pcrbo8g' already exists, duplicates ignored

warning  (file /var/lib/texmf/fonts/map/pdftex/updmap/pdftex.map) (map file): en
try for 'pcrbo8r' already exists, duplicates ignored

warning  (file /var/lib/texmf/fonts/map/pdftex/updmap/pdftex.map) (map file): en
try for 'pcrbo8u' already exists, duplicates ignored

warning  (file /var/lib/texmf/fonts/map/pdftex/updmap/pdftex.map) (map file): en
try for 'pcrbo8y' already exists, duplicates ignored

warning  (file /var/lib/texmf/fonts/map/pdftex/updmap/pdftex.map) (map file): en
try for 'pcrr8g' already exists, duplicates ignored

warning  (file /var/lib/texmf/fonts/map/pdftex/updmap/pdftex.map) (map file): en
try for 'pcrr8r' already exists, duplicates ignored

warning  (file /var/lib/texmf/fonts/map/pdftex/updmap/pdftex.map) (map file): en
try for 'pcrr8rn' already exists, duplicates ignored

warning  (file /var/lib/texmf/fonts/map/pdftex/updmap/pdftex.map) (map file): en
try for 'pcrr8u' already exists, duplicates ignored

warning  (file /var/lib/texmf/fonts/map/pdftex/updmap/pdftex.map) (map file): en
try for 'pcrr8y' already exists, duplicates ignored

warning  (file /var/lib/texmf/fonts/map/pdftex/updmap/pdftex.map) (map file): en
try for 'pcrro8g' already exists, duplicates ignored

warning  (file /var/lib/texmf/fonts/map/pdftex/updmap/pdftex.map) (map file): en
try for 'pcrro8r' already exists, duplicates ignored

warning  (file /var/lib/texmf/fonts/map/pdftex/updmap/pdftex.map) (map file): en
try for 'pcrro8u' already exists, duplicates ignored

warning  (file /var/lib/texmf/fonts/map/pdftex/updmap/pdftex.map) (map file): en
try for 'pcrro8y' already exists, duplicates ignored

warning  (file /var/lib/texmf/fonts/map/pdftex/updmap/pdftex.map) (map file): en
try for 'phvb8g' already exists, duplicates ignored

warning  (file /var/lib/texmf/fonts/map/pdftex/updmap/pdftex.map) (map file): en
try for 'phvb8r' already exists, duplicates ignored

warning  (file /var/lib/texmf/fonts/map/pdftex/updmap/pdftex.map) (map file): en
try for 'phvb8rn' already exists, duplicates ignored

warning  (file /var/lib/texmf/fonts/map/pdftex/updmap/pdftex.map) (map file): en
try for 'phvb8z' already exists, duplicates ignored

warning  (file /var/lib/texmf/fonts/map/pdftex/updmap/pdftex.map) (map file): en
try for 'phvbn8g' already exists, duplicates ignored

warning  (file /var/lib/texmf/fonts/map/pdftex/updmap/pdftex.map) (map file): en
try for 'phvbn8z' already exists, duplicates ignored

warning  (file /var/lib/texmf/fonts/map/pdftex/updmap/pdftex.map) (map file): en
try for 'phvbo8g' already exists, duplicates ignored

warning  (file /var/lib/texmf/fonts/map/pdftex/updmap/pdftex.map) (map file): en
try for 'phvbo8r' already exists, duplicates ignored

warning  (file /var/lib/texmf/fonts/map/pdftex/updmap/pdftex.map) (map file): en
try for 'phvbo8rn' already exists, duplicates ignored

warning  (file /var/lib/texmf/fonts/map/pdftex/updmap/pdftex.map) (map file): en
try for 'phvbo8z' already exists, duplicates ignored

warning  (file /var/lib/texmf/fonts/map/pdftex/updmap/pdftex.map) (map file): en
try for 'phvbon8g' already exists, duplicates ignored

warning  (file /var/lib/texmf/fonts/map/pdftex/updmap/pdftex.map) (map file): en
try for 'phvbon8z' already exists, duplicates ignored

warning  (file /var/lib/texmf/fonts/map/pdftex/updmap/pdftex.map) (map file): en
try for 'phvr8g' already exists, duplicates ignored

warning  (file /var/lib/texmf/fonts/map/pdftex/updmap/pdftex.map) (map file): en
try for 'phvr8r' already exists, duplicates ignored

warning  (file /var/lib/texmf/fonts/map/pdftex/updmap/pdftex.map) (map file): en
try for 'phvr8rn' already exists, duplicates ignored

warning  (file /var/lib/texmf/fonts/map/pdftex/updmap/pdftex.map) (map file): en
try for 'phvr8z' already exists, duplicates ignored

warning  (file /var/lib/texmf/fonts/map/pdftex/updmap/pdftex.map) (map file): en
try for 'phvrn8g' already exists, duplicates ignored

warning  (file /var/lib/texmf/fonts/map/pdftex/updmap/pdftex.map) (map file): en
try for 'phvrn8z' already exists, duplicates ignored

warning  (file /var/lib/texmf/fonts/map/pdftex/updmap/pdftex.map) (map file): en
try for 'phvro8g' already exists, duplicates ignored

warning  (file /var/lib/texmf/fonts/map/pdftex/updmap/pdftex.map) (map file): en
try for 'phvro8r' already exists, duplicates ignored

warning  (file /var/lib/texmf/fonts/map/pdftex/updmap/pdftex.map) (map file): en
try for 'phvro8rn' already exists, duplicates ignored

warning  (file /var/lib/texmf/fonts/map/pdftex/updmap/pdftex.map) (map file): en
try for 'phvro8z' already exists, duplicates ignored

warning  (file /var/lib/texmf/fonts/map/pdftex/updmap/pdftex.map) (map file): en
try for 'phvron8g' already exists, duplicates ignored

warning  (file /var/lib/texmf/fonts/map/pdftex/updmap/pdftex.map) (map file): en
try for 'phvron8z' already exists, duplicates ignored

warning  (file /var/lib/texmf/fonts/map/pdftex/updmap/pdftex.map) (map file): en
try for 'pncb8g' already exists, duplicates ignored

warning  (file /var/lib/texmf/fonts/map/pdftex/updmap/pdftex.map) (map file): en
try for 'pncb8r' already exists, duplicates ignored

warning  (file /var/lib/texmf/fonts/map/pdftex/updmap/pdftex.map) (map file): en
try for 'pncb8y' already exists, duplicates ignored

warning  (file /var/lib/texmf/fonts/map/pdftex/updmap/pdftex.map) (map file): en
try for 'pncb8z' already exists, duplicates ignored

warning  (file /var/lib/texmf/fonts/map/pdftex/updmap/pdftex.map) (map file): en
try for 'pncbi8g' already exists, duplicates ignored

warning  (file /var/lib/texmf/fonts/map/pdftex/updmap/pdftex.map) (map file): en
try for 'pncbi8r' already exists, duplicates ignored

warning  (file /var/lib/texmf/fonts/map/pdftex/updmap/pdftex.map) (map file): en
try for 'pncbi8y' already exists, duplicates ignored

warning  (file /var/lib/texmf/fonts/map/pdftex/updmap/pdftex.map) (map file): en
try for 'pncbi8z' already exists, duplicates ignored

warning  (file /var/lib/texmf/fonts/map/pdftex/updmap/pdftex.map) (map file): en
try for 'pncbo8r' already exists, duplicates ignored

warning  (file /var/lib/texmf/fonts/map/pdftex/updmap/pdftex.map) (map file): en
try for 'pncbo8y' already exists, duplicates ignored

warning  (file /var/lib/texmf/fonts/map/pdftex/updmap/pdftex.map) (map file): en
try for 'pncr8g' already exists, duplicates ignored

warning  (file /var/lib/texmf/fonts/map/pdftex/updmap/pdftex.map) (map file): en
try for 'pncr8r' already exists, duplicates ignored

warning  (file /var/lib/texmf/fonts/map/pdftex/updmap/pdftex.map) (map file): en
try for 'pncr8y' already exists, duplicates ignored

warning  (file /var/lib/texmf/fonts/map/pdftex/updmap/pdftex.map) (map file): en
try for 'pncr8z' already exists, duplicates ignored

warning  (file /var/lib/texmf/fonts/map/pdftex/updmap/pdftex.map) (map file): en
try for 'pncri8g' already exists, duplicates ignored

warning  (file /var/lib/texmf/fonts/map/pdftex/updmap/pdftex.map) (map file): en
try for 'pncri8r' already exists, duplicates ignored

warning  (file /var/lib/texmf/fonts/map/pdftex/updmap/pdftex.map) (map file): en
try for 'pncri8y' already exists, duplicates ignored

warning  (file /var/lib/texmf/fonts/map/pdftex/updmap/pdftex.map) (map file): en
try for 'pncri8z' already exists, duplicates ignored

warning  (file /var/lib/texmf/fonts/map/pdftex/updmap/pdftex.map) (map file): en
try for 'pncro8r' already exists, duplicates ignored

warning  (file /var/lib/texmf/fonts/map/pdftex/updmap/pdftex.map) (map file): en
try for 'pncro8y' already exists, duplicates ignored

warning  (file /var/lib/texmf/fonts/map/pdftex/updmap/pdftex.map) (map file): en
try for 'pplb8g' already exists, duplicates ignored

warning  (file /var/lib/texmf/fonts/map/pdftex/updmap/pdftex.map) (map file): en
try for 'pplb8r' already exists, duplicates ignored

warning  (file /var/lib/texmf/fonts/map/pdftex/updmap/pdftex.map) (map file): en
try for 'pplb8y' already exists, duplicates ignored

warning  (file /var/lib/texmf/fonts/map/pdftex/updmap/pdftex.map) (map file): en
try for 'pplb8z' already exists, duplicates ignored

warning  (file /var/lib/texmf/fonts/map/pdftex/updmap/pdftex.map) (map file): en
try for 'pplbi8g' already exists, duplicates ignored

warning  (file /var/lib/texmf/fonts/map/pdftex/updmap/pdftex.map) (map file): en
try for 'pplbi8r' already exists, duplicates ignored

warning  (file /var/lib/texmf/fonts/map/pdftex/updmap/pdftex.map) (map file): en
try for 'pplbi8y' already exists, duplicates ignored

warning  (file /var/lib/texmf/fonts/map/pdftex/updmap/pdftex.map) (map file): en
try for 'pplbi8z' already exists, duplicates ignored

warning  (file /var/lib/texmf/fonts/map/pdftex/updmap/pdftex.map) (map file): en
try for 'pplbo8r' already exists, duplicates ignored

warning  (file /var/lib/texmf/fonts/map/pdftex/updmap/pdftex.map) (map file): en
try for 'pplbo8y' already exists, duplicates ignored

warning  (file /var/lib/texmf/fonts/map/pdftex/updmap/pdftex.map) (map file): en
try for 'pplbu8r' already exists, duplicates ignored

warning  (file /var/lib/texmf/fonts/map/pdftex/updmap/pdftex.map) (map file): en
try for 'pplbu8y' already exists, duplicates ignored

warning  (file /var/lib/texmf/fonts/map/pdftex/updmap/pdftex.map) (map file): en
try for 'pplr8g' already exists, duplicates ignored

warning  (file /var/lib/texmf/fonts/map/pdftex/updmap/pdftex.map) (map file): en
try for 'pplr8r' already exists, duplicates ignored

warning  (file /var/lib/texmf/fonts/map/pdftex/updmap/pdftex.map) (map file): en
try for 'pplr8rn' already exists, duplicates ignored

warning  (file /var/lib/texmf/fonts/map/pdftex/updmap/pdftex.map) (map file): en
try for 'pplr8y' already exists, duplicates ignored

warning  (file /var/lib/texmf/fonts/map/pdftex/updmap/pdftex.map) (map file): en
try for 'pplr8yn' already exists, duplicates ignored

warning  (file /var/lib/texmf/fonts/map/pdftex/updmap/pdftex.map) (map file): en
try for 'pplr8z' already exists, duplicates ignored

warning  (file /var/lib/texmf/fonts/map/pdftex/updmap/pdftex.map) (map file): en
try for 'pplri8g' already exists, duplicates ignored

warning  (file /var/lib/texmf/fonts/map/pdftex/updmap/pdftex.map) (map file): en
try for 'pplri8r' already exists, duplicates ignored

warning  (file /var/lib/texmf/fonts/map/pdftex/updmap/pdftex.map) (map file): en
try for 'pplri8y' already exists, duplicates ignored

warning  (file /var/lib/texmf/fonts/map/pdftex/updmap/pdftex.map) (map file): en
try for 'pplri8z' already exists, duplicates ignored

warning  (file /var/lib/texmf/fonts/map/pdftex/updmap/pdftex.map) (map file): en
try for 'pplro8r' already exists, duplicates ignored

warning  (file /var/lib/texmf/fonts/map/pdftex/updmap/pdftex.map) (map file): en
try for 'pplro8y' already exists, duplicates ignored

warning  (file /var/lib/texmf/fonts/map/pdftex/updmap/pdftex.map) (map file): en
try for 'pplrr8re' already exists, duplicates ignored

warning  (file /var/lib/texmf/fonts/map/pdftex/updmap/pdftex.map) (map file): en
try for 'pplrr8ye' already exists, duplicates ignored

warning  (file /var/lib/texmf/fonts/map/pdftex/updmap/pdftex.map) (map file): en
try for 'pplru8r' already exists, duplicates ignored

warning  (file /var/lib/texmf/fonts/map/pdftex/updmap/pdftex.map) (map file): en
try for 'pplru8y' already exists, duplicates ignored

warning  (file /var/lib/texmf/fonts/map/pdftex/updmap/pdftex.map) (map file): en
try for 'psyr' already exists, duplicates ignored

warning  (file /var/lib/texmf/fonts/map/pdftex/updmap/pdftex.map) (map file): en
try for 'psyrgo' already exists, duplicates ignored

warning  (file /var/lib/texmf/fonts/map/pdftex/updmap/pdftex.map) (map file): en
try for 'psyro' already exists, duplicates ignored

warning  (file /var/lib/texmf/fonts/map/pdftex/updmap/pdftex.map) (map file): en
try for 'ptmb8g' already exists, duplicates ignored

warning  (file /var/lib/texmf/fonts/map/pdftex/updmap/pdftex.map) (map file): en
try for 'ptmb8r' already exists, duplicates ignored

warning  (file /var/lib/texmf/fonts/map/pdftex/updmap/pdftex.map) (map file): en
try for 'ptmb8y' already exists, duplicates ignored

warning  (file /var/lib/texmf/fonts/map/pdftex/updmap/pdftex.map) (map file): en
try for 'ptmb8z' already exists, duplicates ignored

warning  (file /var/lib/texmf/fonts/map/pdftex/updmap/pdftex.map) (map file): en
try for 'ptmbi8g' already exists, duplicates ignored

warning  (file /var/lib/texmf/fonts/map/pdftex/updmap/pdftex.map) (map file): en
try for 'ptmbi8r' already exists, duplicates ignored

warning  (file /var/lib/texmf/fonts/map/pdftex/updmap/pdftex.map) (map file): en
try for 'ptmbi8y' already exists, duplicates ignored

warning  (file /var/lib/texmf/fonts/map/pdftex/updmap/pdftex.map) (map file): en
try for 'ptmbi8z' already exists, duplicates ignored

warning  (file /var/lib/texmf/fonts/map/pdftex/updmap/pdftex.map) (map file): en
try for 'ptmbo8r' already exists, duplicates ignored

warning  (file /var/lib/texmf/fonts/map/pdftex/updmap/pdftex.map) (map file): en
try for 'ptmbo8y' already exists, duplicates ignored

warning  (file /var/lib/texmf/fonts/map/pdftex/updmap/pdftex.map) (map file): en
try for 'ptmr8g' already exists, duplicates ignored

warning  (file /var/lib/texmf/fonts/map/pdftex/updmap/pdftex.map) (map file): en
try for 'ptmr8r' already exists, duplicates ignored

warning  (file /var/lib/texmf/fonts/map/pdftex/updmap/pdftex.map) (map file): en
try for 'ptmr8rn' already exists, duplicates ignored

warning  (file /var/lib/texmf/fonts/map/pdftex/updmap/pdftex.map) (map file): en
try for 'ptmr8y' already exists, duplicates ignored

warning  (file /var/lib/texmf/fonts/map/pdftex/updmap/pdftex.map) (map file): en
try for 'ptmr8yn' already exists, duplicates ignored

warning  (file /var/lib/texmf/fonts/map/pdftex/updmap/pdftex.map) (map file): en
try for 'ptmr8z' already exists, duplicates ignored

warning  (file /var/lib/texmf/fonts/map/pdftex/updmap/pdftex.map) (map file): en
try for 'ptmri8g' already exists, duplicates ignored

warning  (file /var/lib/texmf/fonts/map/pdftex/updmap/pdftex.map) (map file): en
try for 'ptmri8r' already exists, duplicates ignored

warning  (file /var/lib/texmf/fonts/map/pdftex/updmap/pdftex.map) (map file): en
try for 'ptmri8y' already exists, duplicates ignored

warning  (file /var/lib/texmf/fonts/map/pdftex/updmap/pdftex.map) (map file): en
try for 'ptmri8z' already exists, duplicates ignored

warning  (file /var/lib/texmf/fonts/map/pdftex/updmap/pdftex.map) (map file): en
try for 'ptmro8r' already exists, duplicates ignored

warning  (file /var/lib/texmf/fonts/map/pdftex/updmap/pdftex.map) (map file): en
try for 'ptmro8y' already exists, duplicates ignored

warning  (file /var/lib/texmf/fonts/map/pdftex/updmap/pdftex.map) (map file): en
try for 'ptmrr8re' already exists, duplicates ignored

warning  (file /var/lib/texmf/fonts/map/pdftex/updmap/pdftex.map) (map file): en
try for 'ptmrr8ye' already exists, duplicates ignored

warning  (file /var/lib/texmf/fonts/map/pdftex/updmap/pdftex.map) (map file): en
try for 'pzcmi8g' already exists, duplicates ignored

warning  (file /var/lib/texmf/fonts/map/pdftex/updmap/pdftex.map) (map file): en
try for 'pzcmi8r' already exists, duplicates ignored

warning  (file /var/lib/texmf/fonts/map/pdftex/updmap/pdftex.map) (map file): en
try for 'pzcmi8y' already exists, duplicates ignored

warning  (file /var/lib/texmf/fonts/map/pdftex/updmap/pdftex.map) (map file): en
try for 'pzcmi8z' already exists, duplicates ignored

warning  (file /var/lib/texmf/fonts/map/pdftex/updmap/pdftex.map) (map file): en
try for 'pzdr' already exists, duplicates ignored

warning  (file /var/lib/texmf/fonts/map/pdftex/updmap/pdftex.map) (map file): en
try for 'rpagd' already exists, duplicates ignored

warning  (file /var/lib/texmf/fonts/map/pdftex/updmap/pdftex.map) (map file): en
try for 'rpagdo' already exists, duplicates ignored

warning  (file /var/lib/texmf/fonts/map/pdftex/updmap/pdftex.map) (map file): en
try for 'rpagk' already exists, duplicates ignored

warning  (file /var/lib/texmf/fonts/map/pdftex/updmap/pdftex.map) (map file): en
try for 'rpagko' already exists, duplicates ignored

warning  (file /var/lib/texmf/fonts/map/pdftex/updmap/pdftex.map) (map file): en
try for 'rpbkd' already exists, duplicates ignored

warning  (file /var/lib/texmf/fonts/map/pdftex/updmap/pdftex.map) (map file): en
try for 'rpbkdi' already exists, duplicates ignored

warning  (file /var/lib/texmf/fonts/map/pdftex/updmap/pdftex.map) (map file): en
try for 'rpbkl' already exists, duplicates ignored

warning  (file /var/lib/texmf/fonts/map/pdftex/updmap/pdftex.map) (map file): en
try for 'rpbkli' already exists, duplicates ignored

warning  (file /var/lib/texmf/fonts/map/pdftex/updmap/pdftex.map) (map file): en
try for 'rpcrb' already exists, duplicates ignored

warning  (file /var/lib/texmf/fonts/map/pdftex/updmap/pdftex.map) (map file): en
try for 'rpcrbo' already exists, duplicates ignored

warning  (file /var/lib/texmf/fonts/map/pdftex/updmap/pdftex.map) (map file): en
try for 'rpcrr' already exists, duplicates ignored

warning  (file /var/lib/texmf/fonts/map/pdftex/updmap/pdftex.map) (map file): en
try for 'rpcrro' already exists, duplicates ignored

warning  (file /var/lib/texmf/fonts/map/pdftex/updmap/pdftex.map) (map file): en
try for 'rphvb' already exists, duplicates ignored

warning  (file /var/lib/texmf/fonts/map/pdftex/updmap/pdftex.map) (map file): en
try for 'rphvbo' already exists, duplicates ignored

warning  (file /var/lib/texmf/fonts/map/pdftex/updmap/pdftex.map) (map file): en
try for 'rphvbon' already exists, duplicates ignored

warning  (file /var/lib/texmf/fonts/map/pdftex/updmap/pdftex.map) (map file): en
try for 'rphvbrn' already exists, duplicates ignored

warning  (file /var/lib/texmf/fonts/map/pdftex/updmap/pdftex.map) (map file): en
try for 'rphvr' already exists, duplicates ignored

warning  (file /var/lib/texmf/fonts/map/pdftex/updmap/pdftex.map) (map file): en
try for 'rphvro' already exists, duplicates ignored

warning  (file /var/lib/texmf/fonts/map/pdftex/updmap/pdftex.map) (map file): en
try for 'rphvron' already exists, duplicates ignored

warning  (file /var/lib/texmf/fonts/map/pdftex/updmap/pdftex.map) (map file): en
try for 'rphvrrn' already exists, duplicates ignored

warning  (file /var/lib/texmf/fonts/map/pdftex/updmap/pdftex.map) (map file): en
try for 'rpncb' already exists, duplicates ignored

warning  (file /var/lib/texmf/fonts/map/pdftex/updmap/pdftex.map) (map file): en
try for 'rpncbi' already exists, duplicates ignored

warning  (file /var/lib/texmf/fonts/map/pdftex/updmap/pdftex.map) (map file): en
try for 'rpncr' already exists, duplicates ignored

warning  (file /var/lib/texmf/fonts/map/pdftex/updmap/pdftex.map) (map file): en
try for 'rpncri' already exists, duplicates ignored

warning  (file /var/lib/texmf/fonts/map/pdftex/updmap/pdftex.map) (map file): en
try for 'rpplb' already exists, duplicates ignored

warning  (file /var/lib/texmf/fonts/map/pdftex/updmap/pdftex.map) (map file): en
try for 'rpplbi' already exists, duplicates ignored

warning  (file /var/lib/texmf/fonts/map/pdftex/updmap/pdftex.map) (map file): en
try for 'rpplbu' already exists, duplicates ignored

warning  (file /var/lib/texmf/fonts/map/pdftex/updmap/pdftex.map) (map file): en
try for 'rpplr' already exists, duplicates ignored

warning  (file /var/lib/texmf/fonts/map/pdftex/updmap/pdftex.map) (map file): en
try for 'rpplri' already exists, duplicates ignored

warning  (file /var/lib/texmf/fonts/map/pdftex/updmap/pdftex.map) (map file): en
try for 'rpplro' already exists, duplicates ignored

warning  (file /var/lib/texmf/fonts/map/pdftex/updmap/pdftex.map) (map file): en
try for 'rpplrre' already exists, duplicates ignored

warning  (file /var/lib/texmf/fonts/map/pdftex/updmap/pdftex.map) (map file): en
try for 'rpplrrn' already exists, duplicates ignored

warning  (file /var/lib/texmf/fonts/map/pdftex/updmap/pdftex.map) (map file): en
try for 'rpplru' already exists, duplicates ignored

warning  (file /var/lib/texmf/fonts/map/pdftex/updmap/pdftex.map) (map file): en
try for 'rpsyr' already exists, duplicates ignored

warning  (file /var/lib/texmf/fonts/map/pdftex/updmap/pdftex.map) (map file): en
try for 'rpsyro' already exists, duplicates ignored

warning  (file /var/lib/texmf/fonts/map/pdftex/updmap/pdftex.map) (map file): en
try for 'rptmb' already exists, duplicates ignored

warning  (file /var/lib/texmf/fonts/map/pdftex/updmap/pdftex.map) (map file): en
try for 'rptmbi' already exists, duplicates ignored

warning  (file /var/lib/texmf/fonts/map/pdftex/updmap/pdftex.map) (map file): en
try for 'rptmbo' already exists, duplicates ignored

warning  (file /var/lib/texmf/fonts/map/pdftex/updmap/pdftex.map) (map file): en
try for 'rptmr' already exists, duplicates ignored

warning  (file /var/lib/texmf/fonts/map/pdftex/updmap/pdftex.map) (map file): en
try for 'rptmri' already exists, duplicates ignored

warning  (file /var/lib/texmf/fonts/map/pdftex/updmap/pdftex.map) (map file): en
try for 'rptmro' already exists, duplicates ignored

warning  (file /var/lib/texmf/fonts/map/pdftex/updmap/pdftex.map) (map file): en
try for 'rptmrre' already exists, duplicates ignored

warning  (file /var/lib/texmf/fonts/map/pdftex/updmap/pdftex.map) (map file): en
try for 'rptmrrn' already exists, duplicates ignored

warning  (file /var/lib/texmf/fonts/map/pdftex/updmap/pdftex.map) (map file): en
try for 'rpzcmi' already exists, duplicates ignored

warning  (file /var/lib/texmf/fonts/map/pdftex/updmap/pdftex.map) (map file): en
try for 'rpzdr' already exists, duplicates ignored

warning  (file /var/lib/texmf/fonts/map/pdftex/updmap/pdftex.map) (map file): en
try for 'sy' already exists, duplicates ignored

warning  (file /var/lib/texmf/fonts/map/pdftex/updmap/pdftex.map) (map file): en
try for 'tib' already exists, duplicates ignored

warning  (file /var/lib/texmf/fonts/map/pdftex/updmap/pdftex.map) (map file): en
try for 'tibi' already exists, duplicates ignored

warning  (file /var/lib/texmf/fonts/map/pdftex/updmap/pdftex.map) (map file): en
try for 'tibo' already exists, duplicates ignored

warning  (file /var/lib/texmf/fonts/map/pdftex/updmap/pdftex.map) (map file): en
try for 'tii' already exists, duplicates ignored

warning  (file /var/lib/texmf/fonts/map/pdftex/updmap/pdftex.map) (map file): en
try for 'tio' already exists, duplicates ignored

warning  (file /var/lib/texmf/fonts/map/pdftex/updmap/pdftex.map) (map file): en
try for 'tir' already exists, duplicates ignored

warning  (file /var/lib/texmf/fonts/map/pdftex/updmap/pdftex.map) (map file): en
try for 'tmbi108r' already exists, duplicates ignored

warning  (file /var/lib/texmf/fonts/map/pdftex/updmap/pdftex.map) (map file): en
try for 'tmbo108r' already exists, duplicates ignored

warning  (file /var/lib/texmf/fonts/map/pdftex/updmap/pdftex.map) (map file): en
try for 'tmbu108r' already exists, duplicates ignored

warning  (file /var/lib/texmf/fonts/map/pdftex/updmap/pdftex.map) (map file): en
try for 'tmrb108r' already exists, duplicates ignored

warning  (file /var/lib/texmf/fonts/map/pdftex/updmap/pdftex.map) (map file): en
try for 'tmri108r' already exists, duplicates ignored

warning  (file /var/lib/texmf/fonts/map/pdftex/updmap/pdftex.map) (map file): en
try for 'tmrm108r' already exists, duplicates ignored

warning  (file /var/lib/texmf/fonts/map/pdftex/updmap/pdftex.map) (map file): en
try for 'tmro108r' already exists, duplicates ignored

warning  (file /var/lib/texmf/fonts/map/pdftex/updmap/pdftex.map) (map file): en
try for 'tmui108r' already exists, duplicates ignored

warning  (file /var/lib/texmf/fonts/map/pdftex/updmap/pdftex.map) (map file): en
try for 'zd' already exists, duplicates ignored

warning  (file /var/lib/texmf/fonts/map/pdftex/updmap/pdftex.map) (map file): am
biguous entry for 'rpcxbsl': font file present but not included, will be treated
 as font file not present

warning  (file /var/lib/texmf/fonts/map/pdftex/updmap/pdftex.map) (map file): am
biguous entry for 'rpcxsl': font file present but not included, will be treated 
as font file not present

warning  (file /var/lib/texmf/fonts/map/pdftex/updmap/pdftex.map) (map file): am
biguous entry for 'rpxbsl': font file present but not included, will be treated 
as font file not present

warning  (file /var/lib/texmf/fonts/map/pdftex/updmap/pdftex.map) (map file): am
biguous entry for 'rpxpplb': font file present but not included, will be treated
 as font file not present

warning  (file /var/lib/texmf/fonts/map/pdftex/updmap/pdftex.map) (map file): en
try for 'rpxpplb' already exists, duplicates ignored

warning  (file /var/lib/texmf/fonts/map/pdftex/updmap/pdftex.map) (map file): am
biguous entry for 'rpxpplbi': font file present but not included, will be treate
d as font file not present

warning  (file /var/lib/texmf/fonts/map/pdftex/updmap/pdftex.map) (map file): en
try for 'rpxpplbi' already exists, duplicates ignored

warning  (file /var/lib/texmf/fonts/map/pdftex/updmap/pdftex.map) (map file): am
biguous entry for 'rpxpplbo': font file present but not included, will be treate
d as font file not present

warning  (file /var/lib/texmf/fonts/map/pdftex/updmap/pdftex.map) (map file): en
try for 'rpxpplbo' already exists, duplicates ignored

warning  (file /var/lib/texmf/fonts/map/pdftex/updmap/pdftex.map) (map file): am
biguous entry for 'rpxpplr': font file present but not included, will be treated
 as font file not present

warning  (file /var/lib/texmf/fonts/map/pdftex/updmap/pdftex.map) (map file): en
try for 'rpxpplr' already exists, duplicates ignored

warning  (file /var/lib/texmf/fonts/map/pdftex/updmap/pdftex.map) (map file): am
biguous entry for 'rpxpplri': font file present but not included, will be treate
d as font file not present

warning  (file /var/lib/texmf/fonts/map/pdftex/updmap/pdftex.map) (map file): en
try for 'rpxpplri' already exists, duplicates ignored

warning  (file /var/lib/texmf/fonts/map/pdftex/updmap/pdftex.map) (map file): am
biguous entry for 'rpxpplro': font file present but not included, will be treate
d as font file not present

warning  (file /var/lib/texmf/fonts/map/pdftex/updmap/pdftex.map) (map file): en
try for 'rpxpplro' already exists, duplicates ignored

warning  (file /var/lib/texmf/fonts/map/pdftex/updmap/pdftex.map) (map file): am
biguous entry for 'rpxsl': font file present but not included, will be treated a
s font file not present

warning  (file /var/lib/texmf/fonts/map/pdftex/updmap/pdftex.map) (map file): en
try for 'rtxphvb' already exists, duplicates ignored

warning  (file /var/lib/texmf/fonts/map/pdftex/updmap/pdftex.map) (map file): en
try for 'rtxphvbo' already exists, duplicates ignored

warning  (file /var/lib/texmf/fonts/map/pdftex/updmap/pdftex.map) (map file): en
try for 'rtxphvr' already exists, duplicates ignored

warning  (file /var/lib/texmf/fonts/map/pdftex/updmap/pdftex.map) (map file): en
try for 'rtxphvro' already exists, duplicates ignored

warning  (file /var/lib/texmf/fonts/map/pdftex/updmap/pdftex.map) (map file): en
try for 'rtxptmb' already exists, duplicates ignored

warning  (file /var/lib/texmf/fonts/map/pdftex/updmap/pdftex.map) (map file): en
try for 'rtxptmbi' already exists, duplicates ignored

warning  (file /var/lib/texmf/fonts/map/pdftex/updmap/pdftex.map) (map file): en
try for 'rtxptmbo' already exists, duplicates ignored

warning  (file /var/lib/texmf/fonts/map/pdftex/updmap/pdftex.map) (map file): en
try for 'rtxptmr' already exists, duplicates ignored

warning  (file /var/lib/texmf/fonts/map/pdftex/updmap/pdftex.map) (map file): en
try for 'rtxptmri' already exists, duplicates ignored

warning  (file /var/lib/texmf/fonts/map/pdftex/updmap/pdftex.map) (map file): en
try for 'rtxptmro' already exists, duplicates ignored
}</tmp/lua_N7bTM7></tmp/lua_AUSDvM></tmp/lua_m6mf5A></tmp/lua_ClD705></tmp/lua_y
VtHtb></tmp/lua_yt3hTt>] (./fig-graph.aux))

Here is how much of LuaTeX's memory you used:
 21553 strings out of 478285
 125016,1977958 words of node,token memory allocated
 9694 words of node memory still in use:
   129 hlist, 6 vlist, 1 rule, 6 disc, 6 math, 568 glue, 6 kern, 92 glyph, 633 a
ttribute, 48 glue_spec, 633 attribute_list, 2 write, 284 pdf_literal, 4 pdf_colo
rstack nodes
   avail lists: 1:9,2:31,3:571,4:18,5:25,6:2,7:1352,8:2,9:286,11:12
 41150 multiletter control sequences out of 65536+600000
 35 fonts using 5398959 bytes
 100i,10n,98p,407b,1275s stack positions out of 10000i,1000n,20000p,200000b,200000s
</usr/share/texlive/texmf-dist/fonts/opentype/public/lm/lmsans8-regular.otf></us
r/share/texlive/texmf-dist/fonts/opentype/public/lm/lmsans10-regular.otf>
Output written on fig-graph.pdf (1 page, 31527 bytes).

PDF statistics: 40 PDF objects out of 1000 (max. 8388607)
 15 compressed objects within 1 object stream
 0 named destinations out of 1000 (max. 131072)
 16 words of extra memory for PDF output out of 10000 (max. 100000000)

